<?xml version="1.0" encoding="UTF-8"?>
<testsuite xmlns:xsi="http://www.w3.org/2001/XMLSchema-instance" xsi:noNamespaceSchemaLocation="https://maven.apache.org/surefire/maven-surefire-plugin/xsd/surefire-test-report.xsd" name="TestSuite" time="4.039" tests="7" errors="0" skipped="2" failures="5">
  <properties>
[...]
</properties>
  <testcase name="beforeSuite" classname="com.seleniummaventestng.tests.HelloWorld" time="3.102">
    <failure message="The driver executable does not exist: C:\Selenium_Automation\selenium\chromedriver\chromedriver.exe" type="java.lang.IllegalStateException">java.lang.IllegalStateException: The driver executable does not exist: C:\Selenium_Automation\selenium\chromedriver\chromedriver.exe
</failure>
    <system-out><![CDATA[[INFO ] 2020-02-24 23:08:38.523 - T - 1 com.seleniummaventestng.base.BaseTest:beforeSuite 21 In Before suite
[INFO ] 2020-02-24 23:08:38.566 - T - 1 com.seleniummaventestng.lib.WebDriverFactory:startChromeService 66 Initializing chrome driver service
]]></system-out>
  </testcase>
  <testcase name="beforeMethod" classname="com.seleniummaventestng.tests.HelloWorld" time="3.367">
    <failure type="java.lang.NullPointerException">java.lang.NullPointerException
</failure>
    <system-out><![CDATA[[INFO ] 2020-02-24 23:08:38.706 - T - 14 com.seleniummaventestng.base.BaseTest:beforeMethod 36 In Before Method
[INFO ] 2020-02-24 23:08:38.706 - T - 13 com.seleniummaventestng.base.BaseTest:beforeMethod 36 In Before Method
[INFO ] 2020-02-24 23:08:38.706 - T - 13 com.seleniummaventestng.base.BaseTest:beforeMethod 37 Initializing driver for Chrome browser
[INFO ] 2020-02-24 23:08:38.706 - T - 14 com.seleniummaventestng.base.BaseTest:beforeMethod 37 Initializing driver for Chrome browser
[INFO ] 2020-02-24 23:08:38.706 - T - 13 com.seleniummaventestng.lib.WebDriverFactory:getWebdriver 36 Initializing Chrome driver
[INFO ] 2020-02-24 23:08:38.925 - T - 14 com.seleniummaventestng.lib.WebDriverFactory:getWebdriver 36 Initializing Chrome driver
]]></system-out>
  </testcase>
  <testcase name="beforeMethod" classname="com.seleniummaventestng.tests.HelloWorld" time="3.367">
    <failure type="java.lang.NullPointerException">java.lang.NullPointerException
</failure>
  </testcase>
  <testcase name="helloWorldTestCase01" classname="com.seleniummaventestng.tests.HelloWorld" time="0">
    <skipped/>
  </testcase>
  <testcase name="helloWorldTestCase02" classname="com.seleniummaventestng.tests.HelloWorld" time="0">
    <skipped/>
  </testcase>
  <testcase name="afterMethod" classname="com.seleniummaventestng.tests.HelloWorld" time="3.367">
    <failure type="java.lang.NullPointerException">java.lang.NullPointerException
</failure>
    <system-out><![CDATA[[INFO ] 2020-02-24 23:08:38.925 - T - 14 com.seleniummaventestng.base.BaseTest:afterMethod 44 In After Method
[INFO ] 2020-02-24 23:08:38.925 - T - 13 com.seleniummaventestng.base.BaseTest:afterMethod 44 In After Method
]]></system-out>
  </testcase>
  <testcase name="afterMethod" classname="com.seleniummaventestng.tests.HelloWorld" time="3.367">
    <failure type="java.lang.NullPointerException">java.lang.NullPointerException
</failure>
  </testcase>
</testsuite>